<?xml version="1.0" encoding="UTF-8"?>
<testng-results skipped="0" failed="1" ignored="0" total="2" passed="1">
  <reporter-output>
  </reporter-output>
  <suite name="Suite" duration-ms="49385" started-at="2021-06-05T07:45:09Z" finished-at="2021-06-05T07:45:59Z">
    <groups>
    </groups>
    <test name="ChromeTest" duration-ms="23059" started-at="2021-06-05T07:45:09Z" finished-at="2021-06-05T07:45:33Z">
      <class name="com.Crossbrowser.CrossBrowserTest">
        <test-method status="PASS" signature="setupReportAndReport()[pri:0, instance:com.Crossbrowser.CrossBrowserTest@457e2f02]" name="setupReportAndReport" is-config="true" duration-ms="401" started-at="2021-06-05T07:45:09Z" finished-at="2021-06-05T07:45:10Z">
          <reporter-output>
          </reporter-output>
        </test-method> <!-- setupReportAndReport -->
        <test-method status="PASS" signature="launchApp(java.lang.String)[pri:0, instance:com.Crossbrowser.CrossBrowserTest@457e2f02]" name="launchApp" duration-ms="21666" started-at="2021-06-05T07:45:10Z" finished-at="2021-06-05T07:45:32Z">
          <params>
            <param index="0">
              <value>
                <![CDATA[chrome]]>
              </value>
            </param>
          </params>
          <reporter-output>
          </reporter-output>
        </test-method> <!-- launchApp -->
        <test-method status="PASS" signature="getResult(org.testng.ITestResult)[pri:0, instance:com.Crossbrowser.CrossBrowserTest@457e2f02]" name="getResult" is-config="true" duration-ms="27" started-at="2021-06-05T07:45:32Z" finished-at="2021-06-05T07:45:32Z">
          <params>
            <param index="0">
              <value>
                <![CDATA[[TestResult name=launchApp status=SUCCESS method=CrossBrowserTest.launchApp(java.lang.String)[pri:0, instance:com.Crossbrowser.CrossBrowserTest@457e2f02] output={null}]]]>
              </value>
            </param>
          </params>
          <reporter-output>
          </reporter-output>
        </test-method> <!-- getResult -->
        <test-method status="PASS" signature="tearDownReport()[pri:0, instance:com.Crossbrowser.CrossBrowserTest@457e2f02]" name="tearDownReport" is-config="true" duration-ms="916" started-at="2021-06-05T07:45:32Z" finished-at="2021-06-05T07:45:33Z">
          <reporter-output>
          </reporter-output>
        </test-method> <!-- tearDownReport -->
      </class> <!-- com.Crossbrowser.CrossBrowserTest -->
    </test> <!-- ChromeTest -->
    <test name="FirefoxTest" duration-ms="26281" started-at="2021-06-05T07:45:33Z" finished-at="2021-06-05T07:45:59Z">
      <class name="com.Crossbrowser.CrossBrowserTest">
        <test-method status="PASS" signature="setupReportAndReport()[pri:0, instance:com.Crossbrowser.CrossBrowserTest@77caeb3e]" name="setupReportAndReport" is-config="true" duration-ms="7" started-at="2021-06-05T07:45:33Z" finished-at="2021-06-05T07:45:33Z">
          <reporter-output>
          </reporter-output>
        </test-method> <!-- setupReportAndReport -->
        <test-method status="FAIL" signature="launchApp(java.lang.String)[pri:0, instance:com.Crossbrowser.CrossBrowserTest@77caeb3e]" name="launchApp" duration-ms="25448" started-at="2021-06-05T07:45:33Z" finished-at="2021-06-05T07:45:58Z">
          <params>
            <param index="0">
              <value>
                <![CDATA[Firefox]]>
              </value>
            </param>
          </params>
          <exception class="java.lang.AssertionError">
            <message>
              <![CDATA[expected [Google] but found [Launch browser in Selenium WebDriver - Firefox, Chrome, IE, Safari, Opera]]]>
            </message>
            <full-stacktrace>
              <![CDATA[java.lang.AssertionError: expected [Google] but found [Launch browser in Selenium WebDriver - Firefox, Chrome, IE, Safari, Opera]
at org.testng.Assert.fail(Assert.java:96)
at org.testng.Assert.failNotEquals(Assert.java:776)
at org.testng.Assert.assertEqualsImpl(Assert.java:137)
at org.testng.Assert.assertEquals(Assert.java:118)
at org.testng.Assert.assertEquals(Assert.java:453)
at org.testng.Assert.assertEquals(Assert.java:463)
at com.Crossbrowser.CrossBrowserTest.launchApp(CrossBrowserTest.java:70)
at sun.reflect.NativeMethodAccessorImpl.invoke0(Native Method)
at sun.reflect.NativeMethodAccessorImpl.invoke(Unknown Source)
at sun.reflect.DelegatingMethodAccessorImpl.invoke(Unknown Source)
at java.lang.reflect.Method.invoke(Unknown Source)
at org.testng.internal.MethodInvocationHelper.invokeMethod(MethodInvocationHelper.java:124)
at org.testng.internal.Invoker.invokeMethod(Invoker.java:583)
at org.testng.internal.Invoker.invokeTestMethod(Invoker.java:719)
at org.testng.internal.Invoker.invokeTestMethods(Invoker.java:989)
at org.testng.internal.TestMethodWorker.invokeTestMethods(TestMethodWorker.java:125)
at org.testng.internal.TestMethodWorker.run(TestMethodWorker.java:109)
at org.testng.TestRunner.privateRun(TestRunner.java:648)
at org.testng.TestRunner.run(TestRunner.java:505)
at org.testng.SuiteRunner.runTest(SuiteRunner.java:455)
at org.testng.SuiteRunner.runSequentially(SuiteRunner.java:450)
at org.testng.SuiteRunner.privateRun(SuiteRunner.java:415)
at org.testng.SuiteRunner.run(SuiteRunner.java:364)
at org.testng.SuiteRunnerWorker.runSuite(SuiteRunnerWorker.java:52)
at org.testng.SuiteRunnerWorker.run(SuiteRunnerWorker.java:84)
at org.testng.TestNG.runSuitesSequentially(TestNG.java:1208)
at org.testng.TestNG.runSuitesLocally(TestNG.java:1137)
at org.testng.TestNG.runSuites(TestNG.java:1049)
at org.testng.TestNG.run(TestNG.java:1017)
at org.testng.remote.AbstractRemoteTestNG.run(AbstractRemoteTestNG.java:115)
at org.testng.remote.RemoteTestNG.initAndRun(RemoteTestNG.java:251)
at org.testng.remote.RemoteTestNG.main(RemoteTestNG.java:77)
]]>
            </full-stacktrace>
          </exception> <!-- java.lang.AssertionError -->
          <reporter-output>
          </reporter-output>
        </test-method> <!-- launchApp -->
        <test-method status="PASS" signature="getResult(org.testng.ITestResult)[pri:0, instance:com.Crossbrowser.CrossBrowserTest@77caeb3e]" name="getResult" is-config="true" duration-ms="26" started-at="2021-06-05T07:45:58Z" finished-at="2021-06-05T07:45:58Z">
          <params>
            <param index="0">
              <value>
                <![CDATA[[TestResult name=launchApp status=FAILURE method=CrossBrowserTest.launchApp(java.lang.String)[pri:0, instance:com.Crossbrowser.CrossBrowserTest@77caeb3e] output={null}]]]>
              </value>
            </param>
          </params>
          <reporter-output>
          </reporter-output>
        </test-method> <!-- getResult -->
        <test-method status="PASS" signature="tearDownReport()[pri:0, instance:com.Crossbrowser.CrossBrowserTest@77caeb3e]" name="tearDownReport" is-config="true" duration-ms="763" started-at="2021-06-05T07:45:58Z" finished-at="2021-06-05T07:45:59Z">
          <reporter-output>
          </reporter-output>
        </test-method> <!-- tearDownReport -->
      </class> <!-- com.Crossbrowser.CrossBrowserTest -->
    </test> <!-- FirefoxTest -->
  </suite> <!-- Suite -->
</testng-results>
