<?xml version="1.0" encoding="UTF-8"?>
<!-- Generated by org.testng.reporters.JUnitXMLReporter -->
<testsuite hostname="admin-PC" ignored="0" name="FirefoxTest" tests="1" failures="1" timestamp="05 Jun 2021 07:45:59 GMT" time="26.281" errors="0">
  <testcase name="launchApp" time="25.448" classname="com.Crossbrowser.CrossBrowserTest">
    <failure type="java.lang.AssertionError" message="expected [Google] but found [Launch browser in Selenium WebDriver - Firefox, Chrome, IE, Safari, Opera]">
      <![CDATA[java.lang.AssertionError: expected [Google] but found [Launch browser in Selenium WebDriver - Firefox, Chrome, IE, Safari, Opera]
at com.Crossbrowser.CrossBrowserTest.launchApp(CrossBrowserTest.java:70)
... Removed 31 stack frames]]>
    </failure>
  </testcase> <!-- launchApp -->
</testsuite> <!-- FirefoxTest -->
